#
# A fatal error has been detected by the Java Runtime Environment:
#
#  Internal Error (javaClasses.cpp:126), pid=1952, tid=9688
#  fatal error: Invalid layout of preloaded class
#
# JRE version:  (8.0_25-b18) (build )
# Java VM: Java HotSpot(TM) 64-Bit Server VM (25.25-b02 mixed mode windows-amd64 compressed oops)
# Failed to write core dump. Minidumps are not enabled by default on client versions of Windows
#
# If you would like to submit a bug report, please visit:
#   http://bugreport.sun.com/bugreport/crash.jsp
#

---------------  T H R E A D  ---------------

Current thread (0x000000000110d800):  JavaThread "Unknown thread" [_thread_in_vm, id=9688, stack(0x0000000002bb0000,0x0000000002cb0000)]

Stack: [0x0000000002bb0000,0x0000000002cb0000]
Native frames: (J=compiled Java code, j=interpreted, Vv=VM code, C=native code)
V  [jvm.dll+0x31667a]
V  [jvm.dll+0x267073]
V  [jvm.dll+0x267cb3]
V  [jvm.dll+0x25f536]
V  [jvm.dll+0x5e773]
V  [jvm.dll+0x5e863]
V  [jvm.dll+0x731ca]
V  [jvm.dll+0x73528]
V  [jvm.dll+0xe48b7]
V  [jvm.dll+0xe4c46]
V  [jvm.dll+0x1f9ae7]
V  [jvm.dll+0x22b2e4]
V  [jvm.dll+0x14d571]
C  [javaw.exe+0x20c6]
C  [javaw.exe+0xc9eb]
C  [javaw.exe+0xca7f]
C  [KERNEL32.DLL+0x18102]
C  [ntdll.dll+0x5c5b4]


---------------  P R O C E S S  ---------------

Java Threads: ( => current thread )

Other Threads:

=>0x000000000110d800 (exited) JavaThread "Unknown thread" [_thread_in_vm, id=9688, stack(0x0000000002bb0000,0x0000000002cb0000)]

VM state:not at safepoint (not fully initialized)

VM Mutex/Monitor currently owned by a thread: None

GC Heap History (0 events):
No events

Deoptimization events (0 events):
No events

Internal exceptions (0 events):
No events

Events (10 events):
Event: 0.047 loading class java/lang/CharSequence done
Event: 0.047 loading class java/lang/String done
Event: 0.047 loading class java/lang/Class
Event: 0.047 loading class java/lang/reflect/AnnotatedElement
Event: 0.047 loading class java/lang/reflect/AnnotatedElement done
Event: 0.047 loading class java/lang/reflect/GenericDeclaration
Event: 0.047 loading class java/lang/reflect/GenericDeclaration done
Event: 0.047 loading class java/lang/reflect/Type
Event: 0.048 loading class java/lang/reflect/Type done
Event: 0.048 loading class java/lang/Class done


Dynamic libraries:
0x00007ff6bcfb0000 - 0x00007ff6bcfe4000 	C:\Program Files\Java\jre1.8.0_25\bin\javaw.exe
0x00007ffa6a010000 - 0x00007ffa6a1d1000 	C:\WINDOWS\SYSTEM32\ntdll.dll
0x00007ffa69f00000 - 0x00007ffa69fad000 	C:\WINDOWS\system32\KERNEL32.DLL
0x00007ffa67010000 - 0x00007ffa671f8000 	C:\WINDOWS\system32\KERNELBASE.dll
0x00007ffa69df0000 - 0x00007ffa69e97000 	C:\WINDOWS\system32\ADVAPI32.dll
0x00007ffa67f90000 - 0x00007ffa6802d000 	C:\WINDOWS\system32\msvcrt.dll
0x00007ffa69ea0000 - 0x00007ffa69efb000 	C:\WINDOWS\system32\sechost.dll
0x00007ffa673c0000 - 0x00007ffa674dc000 	C:\WINDOWS\system32\RPCRT4.dll
0x00007ffa67cc0000 - 0x00007ffa67e16000 	C:\WINDOWS\system32\USER32.dll
0x00007ffa67700000 - 0x00007ffa67886000 	C:\WINDOWS\system32\GDI32.dll
0x00007ffa5c130000 - 0x00007ffa5c3a4000 	C:\WINDOWS\WinSxS\amd64_microsoft.windows.common-controls_6595b64144ccf1df_6.0.10586.0_none_8c15ae12515e1c22\COMCTL32.dll
0x00007ffa69a00000 - 0x00007ffa69c7d000 	C:\WINDOWS\system32\combase.dll
0x00007ffa66fa0000 - 0x00007ffa6700a000 	C:\WINDOWS\system32\bcryptPrimitives.dll
0x00007ffa699a0000 - 0x00007ffa699db000 	C:\WINDOWS\system32\IMM32.DLL
0x000000006ce00000 - 0x000000006ced2000 	C:\Program Files\Java\jre1.8.0_25\bin\msvcr100.dll
0x000000006c170000 - 0x000000006c9ca000 	C:\Program Files\Java\jre1.8.0_25\bin\server\jvm.dll
0x00007ffa66c40000 - 0x00007ffa66c63000 	C:\WINDOWS\system32\WINMM.dll
0x00007ffa66400000 - 0x00007ffa6642c000 	C:\WINDOWS\system32\WINMMBASE.dll
0x00007ffa66470000 - 0x00007ffa664b3000 	C:\WINDOWS\system32\cfgmgr32.dll
0x00007ffa68200000 - 0x00007ffa68208000 	C:\WINDOWS\system32\PSAPI.DLL
0x00007ffa5b060000 - 0x00007ffa5b069000 	C:\WINDOWS\SYSTEM32\WSOCK32.dll
0x00007ffa68030000 - 0x00007ffa6809b000 	C:\WINDOWS\system32\WS2_32.dll
0x000000006d400000 - 0x000000006d40f000 	C:\Program Files\Java\jre1.8.0_25\bin\verify.dll
0x000000006cf30000 - 0x000000006cf58000 	C:\Program Files\Java\jre1.8.0_25\bin\java.dll
0x000000006d3e0000 - 0x000000006d3f6000 	C:\Program Files\Java\jre1.8.0_25\bin\zip.dll
0x00007ffa5f640000 - 0x00007ffa5f7cc000 	C:\WINDOWS\SYSTEM32\dbghelp.dll

VM Arguments:
jvm_args: -Dfile.encoding=UTF-8 -Xbootclasspath:C:\Program Files\adt-bundle-windows-x86_64-20140321\sdk\platforms\android-18\android.jar 
java_command: cn.z.ecash.DetailActivity
java_class_path (initial): C:\Users\daor\git\ECASH\Ecash\libs\bcprov-jdk15on-147.jar;C:\Users\daor\git\ECASH\Ecash\libs\android-support-v4.jar;C:\Users\daor\git\ECASH\Ecash\bin\classes
Launcher Type: SUN_STANDARD

Environment Variables:
JAVA_HOME=C:\Program Files\Java\jdk1.8.0_25
CLASSPATH=.;C:\Program Files\Java\jdk1.8.0_25\lib;C:\Program Files\Java\jdk1.8.0_25\lib\tools.jar;C:\Program Files\Java\jdk1.8.0_25\lib\dt.jar
PATH=C:/Program Files/Java/jre1.8.0_25/bin/server;C:/Program Files/Java/jre1.8.0_25/bin;C:/Program Files/Java/jre1.8.0_25/lib/amd64;C:\Program Files\adt-bundle-windows-x86_64-20140321\sdk\tools;C:\Program Files\adt-bundle-windows-x86_64-20140321\sdk\platform-tools;C:\ProgramData\Oracle\Java\javapath;C:\Program Files\Broadcom\Broadcom 802.11 Network Adapter\Driver;C:\Program Files (x86)\NVIDIA Corporation\PhysX\Common;C:\Program Files (x86)\Intel\iCLS Client\;C:\Program Files\Intel\iCLS Client\;C:\WINDOWS\system32;C:\WINDOWS;C:\WINDOWS\System32\Wbem;C:\WINDOWS\System32\WindowsPowerShell\v1.0\;C:\Program Files\Intel\Intel(R) Management Engine Components\DAL;C:\Program Files\Intel\Intel(R) Management Engine Components\IPT;C:\Program Files (x86)\Intel\Intel(R) Management Engine Components\DAL;C:\Program Files (x86)\Intel\Intel(R) Management Engine Components\IPT;C:\Program Files (x86)\Intel\OpenCL SDK\2.0\bin\x86;C:\Program Files (x86)\Intel\OpenCL SDK\2.0\bin\x64;C:\Program Files\Lenovo\Bluetooth Software\;C:\Program Files\Lenovo\Bluetooth Software\syswow64;C:\ProgramData\Lenovo\ReadyApps;C:\Program Files\Java\jdk1.8.0_25\bin;C:\Program Files\Java\jdk1.8.0_25\lib;C:\Program Files\Java\jdk1.8.0_25\jre\bin;C:\Program Files\apache-ant-1.9.0\bin;C:\Program Files\adt-bundle-windows-x86_64-20140321\eclipse;
USERNAME=daor
OS=Windows_NT
PROCESSOR_IDENTIFIER=Intel64 Family 6 Model 58 Stepping 9, GenuineIntel



---------------  S Y S T E M  ---------------

OS: Windows 8.1 , 64 bit Build 9600 

CPU:total 4 (2 cores per cpu, 2 threads per core) family 6 model 58 stepping 9, cmov, cx8, fxsr, mmx, sse, sse2, sse3, ssse3, sse4.1, sse4.2, popcnt, avx, aes, clmul, erms, ht, tsc, tscinvbit, tscinv

Memory: 4k page, physical 8201876k(4031480k free), swap 16590484k(9866204k free)

vm_info: Java HotSpot(TM) 64-Bit Server VM (25.25-b02) for windows-amd64 JRE (1.8.0_25-b18), built on Oct  7 2014 14:25:37 by "java_re" with MS VC++ 10.0 (VS2010)

time: Wed Jun 22 15:50:29 2016
elapsed time: 0 seconds (0d 0h 0m 0s)

